<?xml version="1.0" encoding="UTF-8"?>
<testsuite xmlns:xsi="http://www.w3.org/2001/XMLSchema-instance" xsi:noNamespaceSchemaLocation="https://maven.apache.org/surefire/maven-surefire-plugin/xsd/surefire-test-report-3.0.xsd" version="3.0" name="com.secure.notes.NotesApplicationTests" time="16.234" tests="1" errors="0" skipped="0" failures="0">
  <properties>
[...]
</properties>
  <testcase name="contextLoads" classname="com.secure.notes.NotesApplicationTests" time="0.539">
    <system-out><![CDATA[01:15:37.188 [main] INFO org.springframework.test.context.support.AnnotationConfigContextLoaderUtils -- Could not detect default configuration classes for test class [com.secure.notes.NotesApplicationTests]: NotesApplicationTests does not declare any static, non-private, non-final, nested classes annotated with @Configuration.
01:15:37.364 [main] INFO org.springframework.boot.test.context.SpringBootTestContextBootstrapper -- Found @SpringBootConfiguration com.secure.notes.NotesApplication for test class com.secure.notes.NotesApplicationTests

  .   ____          _            __ _ _
 /\\ / ___'_ __ _ _(_)_ __  __ _ \ \ \ \
( ( )\___ | '_ | '_| | '_ \/ _` | \ \ \ \
 \\/  ___)| |_)| | | | | || (_| |  ) ) ) )
  '  |____| .__|_| |_|_| |_\__, | / / / /
 =========|_|==============|___/=/_/_/_/

 :: Spring Boot ::                (v3.3.5)

2024-11-16T01:15:37.847+05:30  INFO 21644 --- [SecureNotes] [           main] com.secure.notes.NotesApplicationTests   : Starting NotesApplicationTests using Java 20.0.1 with PID 21644 (started by User in D:\deployed-project\notes\notes)
2024-11-16T01:15:37.849+05:30  INFO 21644 --- [SecureNotes] [           main] com.secure.notes.NotesApplicationTests   : The following 1 profile is active: "prod"
2024-11-16T01:15:38.991+05:30  INFO 21644 --- [SecureNotes] [           main] .s.d.r.c.RepositoryConfigurationDelegate : Bootstrapping Spring Data JPA repositories in DEFAULT mode.
2024-11-16T01:15:39.093+05:30  INFO 21644 --- [SecureNotes] [           main] .s.d.r.c.RepositoryConfigurationDelegate : Finished Spring Data repository scanning in 94 ms. Found 5 JPA repository interfaces.
2024-11-16T01:15:39.988+05:30  INFO 21644 --- [SecureNotes] [           main] o.hibernate.jpa.internal.util.LogHelper  : HHH000204: Processing PersistenceUnitInfo [name: default]
2024-11-16T01:15:40.114+05:30  INFO 21644 --- [SecureNotes] [           main] org.hibernate.Version                    : HHH000412: Hibernate ORM core version 6.5.3.Final
2024-11-16T01:15:40.187+05:30  INFO 21644 --- [SecureNotes] [           main] o.h.c.internal.RegionFactoryInitiator    : HHH000026: Second-level cache disabled
2024-11-16T01:15:40.826+05:30  INFO 21644 --- [SecureNotes] [           main] o.s.o.j.p.SpringPersistenceUnitInfo      : No LoadTimeWeaver setup: ignoring JPA class transformer
2024-11-16T01:15:40.972+05:30  INFO 21644 --- [SecureNotes] [           main] com.zaxxer.hikari.HikariDataSource       : HikariPool-1 - Starting...
2024-11-16T01:15:44.802+05:30  INFO 21644 --- [SecureNotes] [           main] com.zaxxer.hikari.pool.HikariPool        : HikariPool-1 - Added connection com.mysql.cj.jdbc.ConnectionImpl@e91facf
2024-11-16T01:15:44.805+05:30  INFO 21644 --- [SecureNotes] [           main] com.zaxxer.hikari.HikariDataSource       : HikariPool-1 - Start completed.
2024-11-16T01:15:45.330+05:30  WARN 21644 --- [SecureNotes] [           main] org.hibernate.orm.deprecation            : HHH90000025: MySQLDialect does not need to be specified explicitly using 'hibernate.dialect' (remove the property setting and it will be selected by default)
2024-11-16T01:15:46.503+05:30  INFO 21644 --- [SecureNotes] [           main] o.h.e.t.j.p.i.JtaPlatformInitiator       : HHH000489: No JTA platform available (set 'hibernate.transaction.jta.platform' to enable JTA platform integration)
2024-11-16T01:15:49.413+05:30  INFO 21644 --- [SecureNotes] [           main] j.LocalContainerEntityManagerFactoryBean : Initialized JPA EntityManagerFactory for persistence unit 'default'
2024-11-16T01:15:50.149+05:30  INFO 21644 --- [SecureNotes] [           main] r$InitializeUserDetailsManagerConfigurer : Global AuthenticationManager configured with UserDetailsService bean with name userDetailsServiceImpl
2024-11-16T01:15:50.303+05:30  WARN 21644 --- [SecureNotes] [           main] JpaBaseConfiguration$JpaWebConfiguration : spring.jpa.open-in-view is enabled by default. Therefore, database queries may be performed during view rendering. Explicitly configure spring.jpa.open-in-view to disable this warning
2024-11-16T01:15:50.852+05:30 DEBUG 21644 --- [SecureNotes] [           main] o.s.s.web.DefaultSecurityFilterChain     : Will secure any request with filters: DisableEncodeUrlFilter, WebAsyncManagerIntegrationFilter, SecurityContextHolderFilter, HeaderWriterFilter, CorsFilter, CsrfFilter, LogoutFilter, OAuth2AuthorizationRequestRedirectFilter, OAuth2LoginAuthenticationFilter, AuthTokenFilter, UsernamePasswordAuthenticationFilter, BasicAuthenticationFilter, RequestCacheAwareFilter, SecurityContextHolderAwareRequestFilter, AnonymousAuthenticationFilter, ExceptionTranslationFilter, AuthorizationFilter
2024-11-16T01:15:51.289+05:30  INFO 21644 --- [SecureNotes] [           main] com.secure.notes.NotesApplicationTests   : Started NotesApplicationTests in 13.737 seconds (process running for 14.971)
]]></system-out>
  </testcase>
</testsuite>